\BOOKMARK [1][-]{section.1}{\376\377\000I\000n\000t\000r\000o\000d\000u\000c\000t\000i\000o\000n}{}% 1
\BOOKMARK [2][-]{subsection.1.1}{\376\377\000T\000h\000e\000\040\000-\000R\000e\000c\000u\000r\000s\000i\000v\000e\000\040\000P\000a\000r\000a\000d\000i\000g\000m}{section.1}% 2
\BOOKMARK [1][-]{section.2}{\376\377\000M\000a\000t\000h\000e\000m\000a\000t\000i\000c\000a\000l\000\040\000F\000o\000u\000n\000d\000a\000t\000i\000o\000n}{}% 3
\BOOKMARK [2][-]{subsection.2.1}{\376\377\000A\000x\000i\000o\000m\000a\000t\000i\000c\000\040\000S\000t\000r\000u\000c\000t\000u\000r\000e}{section.2}% 4
\BOOKMARK [2][-]{subsection.2.2}{\376\377\000W\000h\000y\000\040\000T\000h\000e\000s\000e\000\040\000M\000a\000t\000h\000e\000m\000a\000t\000i\000c\000a\000l\000\040\000S\000t\000r\000u\000c\000t\000u\000r\000e\000s\000?}{section.2}% 5
\BOOKMARK [2][-]{subsection.2.3}{\376\377\000T\000h\000e\000\040\000G\000r\000a\000c\000e\000\040\000O\000p\000e\000r\000a\000t\000o\000r\000:\000\040\000M\000a\000t\000h\000e\000m\000a\000t\000i\000c\000a\000l\000\040\000C\000o\000n\000s\000i\000s\000t\000e\000n\000c\000y\000\040\000E\000n\000f\000o\000r\000c\000e\000r}{section.2}% 6
\BOOKMARK [2][-]{subsection.2.4}{\376\377\000-\000R\000e\000c\000u\000r\000s\000i\000o\000n\000:\000\040\000T\000h\000e\000\040\000M\000a\000t\000h\000e\000m\000a\000t\000i\000c\000s\000\040\000o\000f\000\040\000S\000e\000l\000f\000-\000S\000i\000m\000i\000l\000a\000r\000i\000t\000y}{section.2}% 7
\BOOKMARK [2][-]{subsection.2.5}{\376\377\000T\000h\000e\000\040\000D\000i\000m\000e\000n\000s\000i\000o\000n\000a\000l\000\040\000B\000r\000i\000d\000g\000e\000:\000\040\000F\000r\000o\000m\000\040\000M\000a\000t\000h\000e\000m\000a\000t\000i\000c\000s\000\040\000t\000o\000\040\000M\000e\000a\000s\000u\000r\000a\000b\000l\000e\000\040\000R\000e\000a\000l\000i\000t\000y}{section.2}% 8
\BOOKMARK [2][-]{subsection.2.6}{\376\377\000C\000o\000m\000p\000l\000e\000t\000e\000\040\000D\000e\000r\000i\000v\000a\000t\000i\000o\000n\000\040\000E\000x\000a\000m\000p\000l\000e\000:\000\040\000F\000i\000n\000e\000\040\000S\000t\000r\000u\000c\000t\000u\000r\000e\000\040\000C\000o\000n\000s\000t\000a\000n\000t}{section.2}% 9
\BOOKMARK [2][-]{subsection.2.7}{\376\377\000H\000o\000w\000\040\000t\000o\000\040\000V\000a\000l\000i\000d\000a\000t\000e\000\040\000F\000I\000R\000M\000:\000\040\000A\000\040\000P\000r\000a\000c\000t\000i\000c\000a\000l\000\040\000G\000u\000i\000d\000e}{section.2}% 10
\BOOKMARK [3][-]{subsubsection.2.7.1}{\376\377\000M\000a\000t\000h\000e\000m\000a\000t\000i\000c\000a\000l\000\040\000V\000a\000l\000i\000d\000a\000t\000i\000o\000n}{subsection.2.7}% 11
\BOOKMARK [3][-]{subsubsection.2.7.2}{\376\377\000P\000h\000y\000s\000i\000c\000a\000l\000\040\000V\000a\000l\000i\000d\000a\000t\000i\000o\000n}{subsection.2.7}% 12
\BOOKMARK [3][-]{subsubsection.2.7.3}{\376\377\000F\000a\000l\000s\000i\000f\000i\000c\000a\000t\000i\000o\000n\000\040\000C\000r\000i\000t\000e\000r\000i\000a}{subsection.2.7}% 13
\BOOKMARK [3][-]{subsubsection.2.7.4}{\376\377\000I\000n\000d\000e\000p\000e\000n\000d\000e\000n\000t\000\040\000V\000e\000r\000i\000f\000i\000c\000a\000t\000i\000o\000n\000\040\000P\000r\000o\000t\000o\000c\000o\000l}{subsection.2.7}% 14
\BOOKMARK [1][-]{section.3}{\376\377\000F\000u\000n\000d\000a\000m\000e\000n\000t\000a\000l\000\040\000C\000o\000n\000s\000t\000a\000n\000t\000s\000\040\000D\000e\000r\000i\000v\000a\000t\000i\000o\000n}{}% 15
\BOOKMARK [2][-]{subsection.3.1}{\376\377\000F\000i\000n\000e\000\040\000S\000t\000r\000u\000c\000t\000u\000r\000e\000\040\000C\000o\000n\000s\000t\000a\000n\000t}{section.3}% 16
\BOOKMARK [2][-]{subsection.3.2}{\376\377\000C\000o\000s\000m\000o\000l\000o\000g\000i\000c\000a\000l\000\040\000P\000a\000r\000a\000m\000e\000t\000e\000r\000s}{section.3}% 17
\BOOKMARK [3][-]{subsubsection.3.2.1}{\376\377\000D\000a\000r\000k\000\040\000E\000n\000e\000r\000g\000y\000\040\000D\000e\000n\000s\000i\000t\000y}{subsection.3.2}% 18
\BOOKMARK [3][-]{subsubsection.3.2.2}{\376\377\000H\000u\000b\000b\000l\000e\000\040\000C\000o\000n\000s\000t\000a\000n\000t}{subsection.3.2}% 19
\BOOKMARK [1][-]{section.4}{\376\377\000C\000o\000s\000m\000o\000l\000o\000g\000i\000c\000a\000l\000\040\000P\000r\000e\000d\000i\000c\000t\000i\000o\000n\000s}{}% 20
\BOOKMARK [2][-]{subsection.4.1}{\376\377\000-\000F\000i\000e\000l\000d\000\040\000C\000o\000s\000m\000i\000c\000\040\000I\000n\000f\000l\000a\000t\000i\000o\000n}{section.4}% 21
\BOOKMARK [2][-]{subsection.4.2}{\376\377\000C\000M\000B\000\040\000T\000e\000m\000p\000e\000r\000a\000t\000u\000r\000e\000\040\000a\000n\000d\000\040\000P\000o\000w\000e\000r\000\040\000S\000p\000e\000c\000t\000r\000u\000m}{section.4}% 22
\BOOKMARK [2][-]{subsection.4.3}{\376\377\000B\000a\000r\000y\000o\000n\000\040\000A\000c\000o\000u\000s\000t\000i\000c\000\040\000O\000s\000c\000i\000l\000l\000a\000t\000i\000o\000n\000s}{section.4}% 23
\BOOKMARK [1][-]{section.5}{\376\377\000P\000a\000r\000t\000i\000c\000l\000e\000\040\000P\000h\000y\000s\000i\000c\000s\000\040\000A\000p\000p\000l\000i\000c\000a\000t\000i\000o\000n\000s}{}% 24
\BOOKMARK [2][-]{subsection.5.1}{\376\377\000S\000t\000a\000n\000d\000a\000r\000d\000\040\000M\000o\000d\000e\000l\000\040\000E\000m\000e\000r\000g\000e\000n\000c\000e}{section.5}% 25
\BOOKMARK [2][-]{subsection.5.2}{\376\377\000P\000a\000r\000t\000i\000c\000l\000e\000\040\000M\000a\000s\000s\000\040\000S\000p\000e\000c\000t\000r\000u\000m}{section.5}% 26
\BOOKMARK [1][-]{section.6}{\376\377\000A\000s\000t\000r\000o\000p\000h\000y\000s\000i\000c\000a\000l\000\040\000V\000a\000l\000i\000d\000a\000t\000i\000o\000n}{}% 27
\BOOKMARK [2][-]{subsection.6.1}{\376\377\000G\000a\000l\000a\000x\000y\000\040\000R\000o\000t\000a\000t\000i\000o\000n\000\040\000C\000u\000r\000v\000e\000s}{section.6}% 28
\BOOKMARK [2][-]{subsection.6.2}{\376\377\000S\000u\000p\000e\000r\000n\000o\000v\000a\000\040\000D\000i\000s\000t\000a\000n\000c\000e\000\040\000M\000e\000a\000s\000u\000r\000e\000m\000e\000n\000t\000s}{section.6}% 29
\BOOKMARK [1][-]{section.7}{\376\377\000C\000o\000n\000s\000c\000i\000o\000u\000s\000n\000e\000s\000s\000\040\000I\000n\000t\000e\000g\000r\000a\000t\000i\000o\000n}{}% 30
\BOOKMARK [2][-]{subsection.7.1}{\376\377\000E\000E\000G\000\040\000-\000H\000a\000r\000m\000o\000n\000i\000c\000\040\000A\000n\000a\000l\000y\000s\000i\000s}{section.7}% 31
\BOOKMARK [1][-]{section.8}{\376\377\000E\000r\000r\000o\000r\000\040\000A\000n\000a\000l\000y\000s\000i\000s\000\040\000a\000n\000d\000\040\000P\000r\000e\000c\000i\000s\000i\000o\000n}{}% 32
\BOOKMARK [2][-]{subsection.8.1}{\376\377\000C\000o\000n\000v\000e\000r\000g\000e\000n\000c\000e\000\040\000A\000n\000a\000l\000y\000s\000i\000s}{section.8}% 33
\BOOKMARK [1][-]{section.9}{\376\377\000F\000a\000l\000s\000i\000f\000i\000c\000a\000t\000i\000o\000n\000\040\000C\000r\000i\000t\000e\000r\000i\000a}{}% 34
\BOOKMARK [1][-]{section.10}{\376\377\000D\000i\000s\000c\000u\000s\000s\000i\000o\000n\000\040\000a\000n\000d\000\040\000I\000m\000p\000l\000i\000c\000a\000t\000i\000o\000n\000s}{}% 35
\BOOKMARK [2][-]{subsection.10.1}{\376\377\000P\000h\000i\000l\000o\000s\000o\000p\000h\000i\000c\000a\000l\000\040\000I\000m\000p\000l\000i\000c\000a\000t\000i\000o\000n\000s}{section.10}% 36
\BOOKMARK [2][-]{subsection.10.2}{\376\377\000R\000e\000l\000a\000t\000i\000o\000n\000s\000h\000i\000p\000\040\000t\000o\000\040\000E\000x\000i\000s\000t\000i\000n\000g\000\040\000P\000h\000y\000s\000i\000c\000s\000\040\000T\000h\000e\000o\000r\000i\000e\000s}{section.10}% 37
\BOOKMARK [3][-]{subsubsection.10.2.1}{\376\377\000S\000t\000a\000n\000d\000a\000r\000d\000\040\000M\000o\000d\000e\000l\000\040\000a\000n\000d\000\040\000G\000e\000n\000e\000r\000a\000l\000\040\000R\000e\000l\000a\000t\000i\000v\000i\000t\000y}{subsection.10.2}% 38
\BOOKMARK [3][-]{subsubsection.10.2.2}{\376\377\000S\000t\000r\000i\000n\000g\000\040\000T\000h\000e\000o\000r\000y}{subsection.10.2}% 39
\BOOKMARK [3][-]{subsubsection.10.2.3}{\376\377\000L\000o\000o\000p\000\040\000Q\000u\000a\000n\000t\000u\000m\000\040\000G\000r\000a\000v\000i\000t\000y}{subsection.10.2}% 40
\BOOKMARK [3][-]{subsubsection.10.2.4}{\376\377\000E\000m\000e\000r\000g\000e\000n\000t\000\040\000G\000r\000a\000v\000i\000t\000y\000\040\000T\000h\000e\000o\000r\000i\000e\000s}{subsection.10.2}% 41
\BOOKMARK [3][-]{subsubsection.10.2.5}{\376\377\000T\000h\000e\000o\000r\000y\000\040\000o\000f\000\040\000E\000v\000e\000r\000y\000t\000h\000i\000n\000g\000\040\000A\000p\000p\000r\000o\000a\000c\000h\000e\000s}{subsection.10.2}% 42
\BOOKMARK [3][-]{subsubsection.10.2.6}{\376\377\000C\000o\000m\000p\000u\000t\000a\000t\000i\000o\000n\000a\000l\000\040\000P\000h\000y\000s\000i\000c\000s}{subsection.10.2}% 43
\BOOKMARK [2][-]{subsection.10.3}{\376\377\000F\000u\000t\000u\000r\000e\000\040\000D\000i\000r\000e\000c\000t\000i\000o\000n\000s}{section.10}% 44
\BOOKMARK [1][-]{section.11}{\376\377\000C\000o\000n\000c\000l\000u\000s\000i\000o\000n}{}% 45
\BOOKMARK [1][-]{section.12}{\376\377\000F\000i\000n\000e\000\040\000S\000t\000r\000u\000c\000t\000u\000r\000e\000\040\000C\000o\000n\000s\000t\000a\000n\000t\000:\000\040\000C\000o\000m\000p\000l\000e\000t\000e\000\040\000M\000a\000t\000h\000e\000m\000a\000t\000i\000c\000a\000l\000\040\000D\000e\000r\000i\000v\000a\000t\000i\000o\000n}{}% 46
\BOOKMARK [2][-]{subsection.12.1}{\376\377\000O\000v\000e\000r\000v\000i\000e\000w}{section.12}% 47
\BOOKMARK [2][-]{subsection.12.2}{\376\377\000M\000a\000t\000h\000e\000m\000a\000t\000i\000c\000a\000l\000\040\000F\000o\000u\000n\000d\000a\000t\000i\000o\000n}{section.12}% 48
\BOOKMARK [3][-]{subsubsection.12.2.1}{\376\377\000S\000t\000a\000g\000e\000\040\0001\000:\000\040\000-\000R\000e\000c\000u\000r\000s\000i\000v\000e\000\040\000L\000a\000t\000t\000i\000c\000e\000\040\000D\000y\000n\000a\000m\000i\000c\000s}{subsection.12.2}% 49
\BOOKMARK [3][-]{subsubsection.12.2.2}{\376\377\000S\000t\000a\000g\000e\000\040\0002\000:\000\040\000G\000r\000a\000c\000e\000\040\000O\000p\000e\000r\000a\000t\000o\000r\000\040\000F\000i\000x\000e\000d\000\040\000P\000o\000i\000n\000t\000\040\000A\000n\000a\000l\000y\000s\000i\000s}{subsection.12.2}% 50
